:0: UserWarning: You do not have a working installation of the service_identity module: 'cannot import name opentype'.  Please install it from <https://pypi.python.org/pypi/service_identity> and make sure all of its dependencies are satisfied.  Without the service_identity module, Twisted can perform only rudimentary TLS client hostname verification.  Many valid certificate/hostname mappings may be rejected.
2018-02-25 05:50:03 [scrapy.utils.log] INFO: Scrapy 1.5.0 started (bot: viaCal)
2018-02-25 05:50:03 [scrapy.utils.log] INFO: Versions: lxml 4.1.1.0, libxml2 2.9.7, cssselect 1.0.3, parsel 1.4.0, w3lib 1.19.0, Twisted 17.9.0, Python 2.7.13 (default, Jan 31 2018, 00:17:36) - [GCC 4.8.5 20150623 (Red Hat 4.8.5-11)], pyOpenSSL 17.5.0 (OpenSSL 1.1.0g  2 Nov 2017), cryptography 2.1.4, Platform Linux-4.9.77-31.58.amzn1.x86_64-x86_64-with-glibc2.2.5
2018-02-25 05:50:03 [scrapy.crawler] INFO: Overridden settings: {'NEWSPIDER_MODULE': 'viaCal.spiders', 'FEED_URI': 'new1.json', 'SPIDER_MODULES': ['viaCal.spiders'], 'BOT_NAME': 'viaCal', 'ROBOTSTXT_OBEY': True, 'FEED_FORMAT': 'json'}
2018-02-25 05:50:03 [scrapy.middleware] INFO: Enabled extensions:
['scrapy.extensions.feedexport.FeedExporter',
 'scrapy.extensions.memusage.MemoryUsage',
 'scrapy.extensions.logstats.LogStats',
 'scrapy.extensions.telnet.TelnetConsole',
 'scrapy.extensions.corestats.CoreStats']
2018-02-25 05:50:03 [scrapy.middleware] INFO: Enabled downloader middlewares:
['scrapy.downloadermiddlewares.robotstxt.RobotsTxtMiddleware',
 'scrapy.downloadermiddlewares.httpauth.HttpAuthMiddleware',
 'scrapy.downloadermiddlewares.downloadtimeout.DownloadTimeoutMiddleware',
 'scrapy.downloadermiddlewares.defaultheaders.DefaultHeadersMiddleware',
 'scrapy.downloadermiddlewares.useragent.UserAgentMiddleware',
 'scrapy.downloadermiddlewares.retry.RetryMiddleware',
 'scrapy.downloadermiddlewares.redirect.MetaRefreshMiddleware',
 'scrapy.downloadermiddlewares.httpcompression.HttpCompressionMiddleware',
 'scrapy.downloadermiddlewares.redirect.RedirectMiddleware',
 'scrapy.downloadermiddlewares.cookies.CookiesMiddleware',
 'scrapy.downloadermiddlewares.httpproxy.HttpProxyMiddleware',
 'scrapy.downloadermiddlewares.stats.DownloaderStats']
2018-02-25 05:50:03 [scrapy.middleware] INFO: Enabled spider middlewares:
['scrapy.spidermiddlewares.httperror.HttpErrorMiddleware',
 'scrapy.spidermiddlewares.offsite.OffsiteMiddleware',
 'scrapy.spidermiddlewares.referer.RefererMiddleware',
 'scrapy.spidermiddlewares.urllength.UrlLengthMiddleware',
 'scrapy.spidermiddlewares.depth.DepthMiddleware']
Unhandled error in Deferred:
2018-02-25 05:50:03 [twisted] CRITICAL: Unhandled error in Deferred:

2018-02-25 05:50:03 [twisted] CRITICAL: 
Traceback (most recent call last):
  File "/usr/local/lib64/python2.7/site-packages/twisted/internet/defer.py", line 1386, in _inlineCallbacks
    result = g.send(result)
  File "/usr/local/lib64/python2.7/site-packages/scrapy/crawler.py", line 98, in crawl
    six.reraise(*exc_info)
  File "/usr/local/lib64/python2.7/site-packages/scrapy/crawler.py", line 80, in crawl
    self.engine = self._create_engine()
  File "/usr/local/lib64/python2.7/site-packages/scrapy/crawler.py", line 105, in _create_engine
    return ExecutionEngine(self, lambda _: self.stop())
  File "/usr/local/lib64/python2.7/site-packages/scrapy/core/engine.py", line 70, in __init__
    self.scraper = Scraper(crawler)
  File "/usr/local/lib64/python2.7/site-packages/scrapy/core/scraper.py", line 71, in __init__
    self.itemproc = itemproc_cls.from_crawler(crawler)
  File "/usr/local/lib64/python2.7/site-packages/scrapy/middleware.py", line 58, in from_crawler
    return cls.from_settings(crawler.settings, crawler)
  File "/usr/local/lib64/python2.7/site-packages/scrapy/middleware.py", line 34, in from_settings
    mwcls = load_object(clspath)
  File "/usr/local/lib64/python2.7/site-packages/scrapy/utils/misc.py", line 44, in load_object
    mod = import_module(module)
  File "/usr/lib64/python2.7/importlib/__init__.py", line 37, in import_module
    __import__(name)
  File "/home/ec2-user/VIA-Calendar/wscraper/viaCal/viaCal/pipelines.py", line 41
    Except MYSQLdb.Error, e:
         ^
SyntaxError: invalid syntax
Suceess!!!
lets get rolling
